0 info it worked if it ends with ok
1 verbose cli [ '/usr/local/bin/node', '/usr/local/bin/npm', 'install' ]
2 info using npm@2.14.2
3 info using node@v4.0.0
4 verbose readDependencies loading dependencies from /Users/n1/Desktop/WebApp/package.json
5 verbose install where, deps [ '/Users/n1/Desktop/WebApp',
5 verbose install   [ 'body-parser',
5 verbose install     'cookie-parser',
5 verbose install     'debug',
5 verbose install     'express',
5 verbose install     'method-override',
5 verbose install     'morgan',
5 verbose install     'serve-favicon',
5 verbose install     'mongoose',
5 verbose install     'twit',
5 verbose install     'grunt',
5 verbose install     'grunt-dust',
5 verbose install     'grunt-contrib-watch',
5 verbose install     'grunt-dustjs-linkedin' ] ]
6 verbose install where, peers [ '/Users/n1/Desktop/WebApp', [] ]
7 verbose installManyTop reading for lifecycle /Users/n1/Desktop/WebApp/package.json
8 info preinstall WA@0.0.0
9 verbose installManyTop reading scoped package data from /Users/n1/Desktop/WebApp/node_modules/adaro/package.json
10 verbose installManyTop reading scoped package data from /Users/n1/Desktop/WebApp/node_modules/body-parser/package.json
11 verbose installManyTop reading scoped package data from /Users/n1/Desktop/WebApp/node_modules/cookie-parser/package.json
12 verbose installManyTop reading scoped package data from /Users/n1/Desktop/WebApp/node_modules/debug/package.json
13 verbose installManyTop reading scoped package data from /Users/n1/Desktop/WebApp/node_modules/dustjs-helpers/package.json
14 verbose installManyTop reading scoped package data from /Users/n1/Desktop/WebApp/node_modules/dustjs-linkedin/package.json
15 verbose installManyTop reading scoped package data from /Users/n1/Desktop/WebApp/node_modules/express/package.json
16 verbose installManyTop reading scoped package data from /Users/n1/Desktop/WebApp/node_modules/grunt/package.json
17 verbose installManyTop reading scoped package data from /Users/n1/Desktop/WebApp/node_modules/grunt-contrib-watch/package.json
18 verbose installManyTop reading scoped package data from /Users/n1/Desktop/WebApp/node_modules/grunt-dust/package.json
19 verbose installManyTop reading scoped package data from /Users/n1/Desktop/WebApp/node_modules/grunt-dustjs-linkedin/package.json
20 verbose installManyTop reading scoped package data from /Users/n1/Desktop/WebApp/node_modules/method-override/package.json
21 verbose installManyTop reading scoped package data from /Users/n1/Desktop/WebApp/node_modules/mongoose/package.json
22 verbose installManyTop reading scoped package data from /Users/n1/Desktop/WebApp/node_modules/morgan/package.json
23 verbose installManyTop reading scoped package data from /Users/n1/Desktop/WebApp/node_modules/serve-favicon/package.json
24 verbose installManyTop reading scoped package data from /Users/n1/Desktop/WebApp/node_modules/twit/package.json
25 verbose installManyTop reading scoped package data from /Users/n1/Desktop/WebApp/node_modules/twitter/package.json
26 info package.json grunt@0.4.5 No license field.
27 info package.json grunt-contrib-watch@0.6.1 No license field.
28 info package.json grunt-dust@0.9.4 No license field.
29 info package.json grunt-dustjs-linkedin@0.6.3 license should be a valid SPDX license expression
30 info package.json twitter@1.2.5 No license field.
31 info package.json twit@2.1.1 No license field.
32 verbose readDependencies loading dependencies from /Users/n1/Desktop/WebApp/package.json
33 verbose targetResolver reading package data from /Users/n1/Desktop/WebApp/node_modules/adaro/package.json
34 verbose targetResolver reading package data from /Users/n1/Desktop/WebApp/node_modules/body-parser/package.json
35 verbose targetResolver reading package data from /Users/n1/Desktop/WebApp/node_modules/cookie-parser/package.json
36 verbose targetResolver reading package data from /Users/n1/Desktop/WebApp/node_modules/debug/package.json
37 verbose targetResolver reading package data from /Users/n1/Desktop/WebApp/node_modules/dustjs-helpers/package.json
38 verbose targetResolver reading package data from /Users/n1/Desktop/WebApp/node_modules/dustjs-linkedin/package.json
39 verbose targetResolver reading package data from /Users/n1/Desktop/WebApp/node_modules/express/package.json
40 verbose targetResolver reading package data from /Users/n1/Desktop/WebApp/node_modules/grunt/package.json
41 verbose targetResolver reading package data from /Users/n1/Desktop/WebApp/node_modules/grunt-contrib-watch/package.json
42 verbose targetResolver reading package data from /Users/n1/Desktop/WebApp/node_modules/grunt-dust/package.json
43 verbose targetResolver reading package data from /Users/n1/Desktop/WebApp/node_modules/grunt-dustjs-linkedin/package.json
44 verbose targetResolver reading package data from /Users/n1/Desktop/WebApp/node_modules/method-override/package.json
45 verbose targetResolver reading package data from /Users/n1/Desktop/WebApp/node_modules/mongoose/package.json
46 verbose targetResolver reading package data from /Users/n1/Desktop/WebApp/node_modules/morgan/package.json
47 verbose targetResolver reading package data from /Users/n1/Desktop/WebApp/node_modules/serve-favicon/package.json
48 verbose targetResolver reading package data from /Users/n1/Desktop/WebApp/node_modules/twit/package.json
49 verbose targetResolver reading package data from /Users/n1/Desktop/WebApp/node_modules/twitter/package.json
50 verbose targetResolver reading package data from /Users/n1/Desktop/WebApp/node_modules/.bin/dustc/package.json
51 verbose targetResolver reading package data from /Users/n1/Desktop/WebApp/node_modules/.bin/grunt-dust/package.json
52 silly cache add args [ 'twit@latest', null ]
53 verbose cache add spec twit@latest
54 verbose already installed skipping grunt@* /Users/n1/Desktop/WebApp
55 verbose already installed skipping grunt-dust@* /Users/n1/Desktop/WebApp
56 verbose already installed skipping grunt-contrib-watch@* /Users/n1/Desktop/WebApp
57 verbose already installed skipping grunt-dustjs-linkedin@* /Users/n1/Desktop/WebApp
58 verbose already installed skipping body-parser@~1.13.2 /Users/n1/Desktop/WebApp
59 verbose already installed skipping cookie-parser@~1.3.5 /Users/n1/Desktop/WebApp
60 verbose already installed skipping debug@~2.2.0 /Users/n1/Desktop/WebApp
61 verbose already installed skipping express@~4.13.1 /Users/n1/Desktop/WebApp
62 silly cache add parsed spec Result {
62 silly cache add   raw: 'twit@latest',
62 silly cache add   scope: null,
62 silly cache add   name: 'twit',
62 silly cache add   rawSpec: 'latest',
62 silly cache add   spec: 'latest',
62 silly cache add   type: 'tag' }
63 silly addNamed twit@latest
64 verbose addNamed "latest" is being treated as a dist-tag for twit
65 info addNameTag [ 'twit', 'latest' ]
66 silly mapToRegistry name twit
67 silly mapToRegistry using default registry
68 silly mapToRegistry registry https://registry.npmjs.org/
69 silly mapToRegistry uri https://registry.npmjs.org/twit
70 verbose addNameTag registry:https://registry.npmjs.org/twit not in flight; fetching
71 verbose already installed skipping method-override@^2.3.5 /Users/n1/Desktop/WebApp
72 verbose already installed skipping morgan@~1.6.1 /Users/n1/Desktop/WebApp
73 verbose already installed skipping serve-favicon@~2.3.0 /Users/n1/Desktop/WebApp
74 silly cache add args [ 'mongoose@latest', null ]
75 verbose cache add spec mongoose@latest
76 silly cache add parsed spec Result {
76 silly cache add   raw: 'mongoose@latest',
76 silly cache add   scope: null,
76 silly cache add   name: 'mongoose',
76 silly cache add   rawSpec: 'latest',
76 silly cache add   spec: 'latest',
76 silly cache add   type: 'tag' }
77 silly addNamed mongoose@latest
78 verbose addNamed "latest" is being treated as a dist-tag for mongoose
79 info addNameTag [ 'mongoose', 'latest' ]
80 silly mapToRegistry name mongoose
81 silly mapToRegistry using default registry
82 silly mapToRegistry registry https://registry.npmjs.org/
83 silly mapToRegistry uri https://registry.npmjs.org/mongoose
84 verbose addNameTag registry:https://registry.npmjs.org/mongoose not in flight; fetching
85 verbose request uri https://registry.npmjs.org/twit
86 verbose request no auth needed
87 info attempt registry request try #1 at 1:40:19 PM
88 verbose request id 477c18f093a1bcb9
89 verbose etag "BRUOP69U41CYS3T4OI3N4H9UI"
90 http request GET https://registry.npmjs.org/twit
91 verbose request uri https://registry.npmjs.org/mongoose
92 verbose request no auth needed
93 info attempt registry request try #1 at 1:40:19 PM
94 verbose etag "DG9OFQSFP171TAIVBXQYVKYFN"
95 http request GET https://registry.npmjs.org/mongoose
96 http 304 https://registry.npmjs.org/mongoose
97 silly get cb [ 304,
97 silly get   { date: 'Wed, 25 Nov 2015 12:40:19 GMT',
97 silly get     via: '1.1 varnish',
97 silly get     'cache-control': 'max-age=60',
97 silly get     etag: '"DG9OFQSFP171TAIVBXQYVKYFN"',
97 silly get     age: '58',
97 silly get     connection: 'keep-alive',
97 silly get     'x-served-by': 'cache-ams4135-AMS',
97 silly get     'x-cache': 'HIT',
97 silly get     'x-cache-hits': '1',
97 silly get     'x-timer': 'S1448455219.452379,VS0,VE1',
97 silly get     vary: 'Accept' } ]
98 verbose etag https://registry.npmjs.org/mongoose from cache
99 verbose get saving mongoose to /Users/n1/.npm/registry.npmjs.org/mongoose/.cache.json
100 silly addNameTag next cb for mongoose with tag latest
101 silly addNamed mongoose@4.2.7
102 verbose addNamed "4.2.7" is a plain semver version for mongoose
103 silly cache afterAdd mongoose@4.2.7
104 verbose afterAdd /Users/n1/.npm/mongoose/4.2.7/package/package.json not in flight; writing
105 verbose afterAdd /Users/n1/.npm/mongoose/4.2.7/package/package.json written
106 info already installed mongoose@4.2.7
107 http 304 https://registry.npmjs.org/twit
108 silly get cb [ 304,
108 silly get   { date: 'Wed, 25 Nov 2015 12:40:19 GMT',
108 silly get     via: '1.1 varnish',
108 silly get     'cache-control': 'max-age=60',
108 silly get     etag: '"BRUOP69U41CYS3T4OI3N4H9UI"',
108 silly get     age: '0',
108 silly get     connection: 'keep-alive',
108 silly get     'x-served-by': 'cache-ams4142-AMS',
108 silly get     'x-cache': 'MISS',
108 silly get     'x-cache-hits': '0',
108 silly get     'x-timer': 'S1448455219.452181,VS0,VE164',
108 silly get     vary: 'Accept' } ]
109 verbose etag https://registry.npmjs.org/twit from cache
110 verbose get saving twit to /Users/n1/.npm/registry.npmjs.org/twit/.cache.json
111 silly addNameTag next cb for twit with tag latest
112 silly addNamed twit@2.1.1
113 verbose addNamed "2.1.1" is a plain semver version for twit
114 silly cache afterAdd twit@2.1.1
115 verbose afterAdd /Users/n1/.npm/twit/2.1.1/package/package.json not in flight; writing
116 verbose afterAdd /Users/n1/.npm/twit/2.1.1/package/package.json written
117 info already installed twit@2.1.1
118 silly install resolved []
119 info build /Users/n1/Desktop/WebApp
120 info linkStuff WA@0.0.0
121 silly linkStuff WA@0.0.0 has /Users/n1/Desktop as its parent node_modules
122 verbose linkBins WA@0.0.0
123 verbose linkMans WA@0.0.0
124 verbose rebuildBundles WA@0.0.0
125 verbose rebuildBundles [ '.bin',
125 verbose rebuildBundles   'adaro',
125 verbose rebuildBundles   'body-parser',
125 verbose rebuildBundles   'cookie-parser',
125 verbose rebuildBundles   'debug',
125 verbose rebuildBundles   'dustjs-helpers',
125 verbose rebuildBundles   'dustjs-linkedin',
125 verbose rebuildBundles   'express',
125 verbose rebuildBundles   'grunt',
125 verbose rebuildBundles   'grunt-contrib-watch',
125 verbose rebuildBundles   'grunt-dust',
125 verbose rebuildBundles   'grunt-dustjs-linkedin',
125 verbose rebuildBundles   'method-override',
125 verbose rebuildBundles   'mongoose',
125 verbose rebuildBundles   'morgan',
125 verbose rebuildBundles   'serve-favicon',
125 verbose rebuildBundles   'twit',
125 verbose rebuildBundles   'twitter' ]
126 verbose rebuild bundle /Users/n1/Desktop/WebApp/node_modules/adaro
127 info build /Users/n1/Desktop/WebApp/node_modules/adaro
128 info preinstall adaro@1.0.1
129 info linkStuff adaro@1.0.1
130 silly linkStuff adaro@1.0.1 has /Users/n1/Desktop/WebApp/node_modules as its parent node_modules
131 verbose linkBins adaro@1.0.1
132 verbose linkMans adaro@1.0.1
133 verbose rebuildBundles adaro@1.0.1
134 verbose rebuildBundles [ 'aproba',
134 verbose rebuildBundles   'core-util-is',
134 verbose rebuildBundles   'debuglog',
134 verbose rebuildBundles   'freshy',
134 verbose rebuildBundles   'path-is-absolute',
134 verbose rebuildBundles   'verror' ]
135 info install adaro@1.0.1
136 info postinstall adaro@1.0.1
137 verbose rebuild bundle /Users/n1/Desktop/WebApp/node_modules/dustjs-helpers
138 info build /Users/n1/Desktop/WebApp/node_modules/dustjs-helpers
139 info preinstall dustjs-helpers@1.7.3
140 info linkStuff dustjs-helpers@1.7.3
141 silly linkStuff dustjs-helpers@1.7.3 has /Users/n1/Desktop/WebApp/node_modules as its parent node_modules
142 verbose linkBins dustjs-helpers@1.7.3
143 verbose linkMans dustjs-helpers@1.7.3
144 verbose rebuildBundles dustjs-helpers@1.7.3
145 info install dustjs-helpers@1.7.3
146 info postinstall dustjs-helpers@1.7.3
147 verbose rebuild bundle /Users/n1/Desktop/WebApp/node_modules/dustjs-linkedin
148 info build /Users/n1/Desktop/WebApp/node_modules/dustjs-linkedin
149 info preinstall dustjs-linkedin@2.7.2
150 info linkStuff dustjs-linkedin@2.7.2
151 silly linkStuff dustjs-linkedin@2.7.2 has /Users/n1/Desktop/WebApp/node_modules as its parent node_modules
152 verbose linkBins dustjs-linkedin@2.7.2
153 verbose link bins [ { dustc: './bin/dustc' },
153 verbose link bins   '/Users/n1/Desktop/WebApp/node_modules/.bin',
153 verbose link bins   false ]
154 verbose linkMans dustjs-linkedin@2.7.2
155 verbose rebuildBundles dustjs-linkedin@2.7.2
156 verbose rebuildBundles [ 'chokidar', 'cli' ]
157 silly gentlyRm /Users/n1/Desktop/WebApp/node_modules/.bin/dustc is being purged
158 verbose gentlyRm don't care about contents; nuking /Users/n1/Desktop/WebApp/node_modules/.bin/dustc
159 silly vacuum-fs purging /Users/n1/Desktop/WebApp/node_modules/.bin/dustc
160 verbose stack Error: EACCES: permission denied, unlink '/Users/n1/Desktop/WebApp/node_modules/.bin/dustc'
160 verbose stack     at Error (native)
161 verbose cwd /Users/n1/Desktop/WebApp
162 error Darwin 14.5.0
163 error argv "/usr/local/bin/node" "/usr/local/bin/npm" "install"
164 error node v4.0.0
165 error npm  v2.14.2
166 error path /Users/n1/Desktop/WebApp/node_modules/.bin/dustc
167 error code EACCES
168 error errno -13
169 error syscall unlink
170 error Error: EACCES: permission denied, unlink '/Users/n1/Desktop/WebApp/node_modules/.bin/dustc'
170 error     at Error (native)
170 error  { [Error: EACCES: permission denied, unlink '/Users/n1/Desktop/WebApp/node_modules/.bin/dustc']
170 error   errno: -13,
170 error   code: 'EACCES',
170 error   syscall: 'unlink',
170 error   path: '/Users/n1/Desktop/WebApp/node_modules/.bin/dustc' }
171 error Please try running this command again as root/Administrator.
172 verbose exit [ -13, true ]
